nohup: ignoring input
2024/12/27 03:04:25 正在连接数据库，DSN: host=cybermind-postgresql.ns-han88ija.svc user=postgres password=wkzhx7jn dbname=postgres port=5432 sslmode=disable TimeZone=Asia/Shanghai
2024/12/27 03:04:25 数据库连接成功
2024/12/27 03:04:25 开始数据库迁移...
2024/12/27 03:04:26 数据库迁移完成
2024/12/27 03:04:26 发现 4 个现有模型
2024/12/27 03:04:26 发现 4 个不同的供应商
[GIN-debug] [WARNING] Creating an Engine instance with the Logger and Recovery middleware already attached.

[GIN-debug] [WARNING] Running in "debug" mode. Switch to "release" mode in production.
 - using env:	export GIN_MODE=release
 - using code:	gin.SetMode(gin.ReleaseMode)

[GIN-debug] GET    /api/v1/models            --> cybermind/model-service/internal/api/handler.(*ModelHandler).ListModels-fm (3 handlers)
[GIN-debug] POST   /api/v1/models            --> cybermind/model-service/internal/api/handler.(*ModelHandler).CreateModel-fm (3 handlers)
[GIN-debug] PUT    /api/v1/models/:id        --> cybermind/model-service/internal/api/handler.(*ModelHandler).UpdateModel-fm (3 handlers)
[GIN-debug] PUT    /api/v1/models/:id/status --> cybermind/model-service/internal/api/handler.(*ModelHandler).UpdateModelStatus-fm (3 handlers)
[GIN-debug] DELETE /api/v1/models/:id        --> cybermind/model-service/internal/api/handler.(*ModelHandler).DeleteModel-fm (3 handlers)
[GIN-debug] GET    /api/v1/providers         --> cybermind/model-service/internal/api/handler.(*ProviderHandler).ListProviders-fm (3 handlers)
[GIN-debug] POST   /api/v1/providers         --> cybermind/model-service/internal/api/handler.(*ProviderHandler).CreateProvider-fm (3 handlers)
[GIN-debug] PUT    /api/v1/providers/:id     --> cybermind/model-service/internal/api/handler.(*ProviderHandler).UpdateProvider-fm (3 handlers)
[GIN-debug] PUT    /api/v1/providers/:id/status --> cybermind/model-service/internal/api/handler.(*ProviderHandler).UpdateProviderStatus-fm (3 handlers)
[GIN-debug] DELETE /api/v1/providers/:id     --> cybermind/model-service/internal/api/handler.(*ProviderHandler).DeleteProvider-fm (3 handlers)
[GIN-debug] GET    /api/v1/api-keys          --> cybermind/model-service/internal/api/handler.(*APIKeyPoolHandler).ListAPIKeyPools-fm (3 handlers)
[GIN-debug] POST   /api/v1/api-keys          --> cybermind/model-service/internal/api/handler.(*APIKeyPoolHandler).CreateAPIKeyPool-fm (3 handlers)
[GIN-debug] PUT    /api/v1/api-keys/:id/status --> cybermind/model-service/internal/api/handler.(*APIKeyPoolHandler).UpdateAPIKeyPoolStatus-fm (3 handlers)
[GIN-debug] DELETE /api/v1/api-keys/:id      --> cybermind/model-service/internal/api/handler.(*APIKeyPoolHandler).DeleteAPIKeyPool-fm (3 handlers)
[GIN-debug] [WARNING] You trusted all proxies, this is NOT safe. We recommend you to set a value.
Please check https://pkg.go.dev/github.com/gin-gonic/gin#readme-don-t-trust-all-proxies for details.
[GIN-debug] Listening and serving HTTP on :8081
[GIN-debug] [ERROR] listen tcp :8081: bind: address already in use
2024/12/27 03:04:26 启动服务器失败: listen tcp :8081: bind: address already in use
exit status 1
